\BOOKMARK [1][-]{section.1}{\376\377\000I\000n\000t\000r\000o\000d\000u\000c\000t\000i\000o\000n}{}% 1
\BOOKMARK [1][-]{section.2}{\376\377\000R\000e\000l\000a\000t\000e\000d\000\040\000W\000o\000r\000k}{}% 2
\BOOKMARK [1][-]{section.3}{\376\377\000D\000i\000s\000a\000g\000r\000e\000e\000m\000e\000n\000t\000-\000I\000n\000f\000o\000r\000m\000e\000d\000\040\000S\000t\000e\000e\000r\000i\000n\000g\000\040\000f\000o\000r\000\040\000C\000u\000l\000t\000u\000r\000a\000l\000\040\000A\000l\000i\000g\000n\000m\000e\000n\000t}{}% 3
\BOOKMARK [2][-]{subsection.3.1}{\376\377\000S\000e\000t\000u\000p}{section.3}% 4
\BOOKMARK [2][-]{subsection.3.2}{\376\377\000T\000h\000e\000\040\000d\000i\000s\000a\000g\000r\000e\000e\000m\000e\000n\000t\000\040\000p\000r\000i\000n\000c\000i\000p\000l\000e}{section.3}% 5
\BOOKMARK [2][-]{subsection.3.3}{\376\377\000T\000h\000e\000\040\000D\000I\000S\000C\000A\000\040\000e\000s\000t\000i\000m\000a\000t\000o\000r}{section.3}% 6
\BOOKMARK [3][-]{subsubsection.3.3.1}{\376\377\000L\000o\000s\000s\000-\000a\000v\000e\000r\000s\000e\000\040\000i\000m\000p\000o\000r\000t\000a\000n\000c\000e\000\040\000s\000a\000m\000p\000l\000i\000n\000g}{subsection.3.3}% 7
\BOOKMARK [3][-]{subsubsection.3.3.2}{\376\377\000D\000u\000a\000l\000-\000p\000a\000s\000s\000\040\000r\000e\000l\000i\000a\000b\000i\000l\000i\000t\000y\000\040\000g\000a\000t\000e}{subsection.3.3}% 8
\BOOKMARK [2][-]{subsection.3.4}{\376\377\000E\000x\000t\000e\000n\000s\000i\000o\000n\000\040\000t\000o\000\040\000O\000p\000e\000n\000-\000E\000n\000d\000e\000d\000\040\000E\000t\000h\000i\000c\000a\000l\000\040\000S\000c\000e\000n\000a\000r\000i\000o\000s}{section.3}% 9
\BOOKMARK [1][-]{section.4}{\376\377\000E\000x\000p\000e\000r\000i\000m\000e\000n\000t\000a\000l\000\040\000R\000e\000s\000u\000l\000t\000s}{}% 10
\BOOKMARK [2][-]{subsection.4.1}{\376\377\000M\000a\000i\000n\000\040\000r\000e\000s\000u\000l\000t\000s}{section.4}% 11
\BOOKMARK [2][-]{subsection.4.2}{\376\377\000A\000b\000l\000a\000t\000i\000o\000n\000\040\000a\000n\000d\000\040\000D\000i\000s\000c\000u\000s\000s\000i\000o\000n}{section.4}% 12
\BOOKMARK [1][-]{section.5}{\376\377\000C\000o\000n\000c\000l\000u\000s\000i\000o\000n}{}% 13
\BOOKMARK [1][-]{appendix.A}{\376\377\000M\000u\000l\000t\000i\000T\000P\000\040\000D\000i\000m\000e\000n\000s\000i\000o\000n\000s\000\040\000a\000n\000d\000\040\000D\000I\000S\000C\000A\000\040\000I\000n\000f\000e\000r\000e\000n\000c\000e\000\040\000P\000s\000e\000u\000d\000o\000c\000o\000d\000e}{}% 14
\BOOKMARK [1][-]{appendix.B}{\376\377\000P\000r\000o\000o\000f\000\040\000o\000f\000\040\000P\000r\000o\000p\000o\000s\000i\000t\000i\000o\000n\000\040\0001}{}% 15
\BOOKMARK [1][-]{appendix.C}{\376\377\000F\000u\000l\000l\000\040\000P\000e\000r\000-\000C\000o\000u\000n\000t\000r\000y\000\040\000R\000e\000s\000u\000l\000t\000s}{}% 16
\BOOKMARK [2][-]{subsection.C.1}{\376\377\000F\000u\000l\000l\000\040\000O\000p\000e\000n\000-\000E\000n\000d\000e\000d\000\040\000P\000e\000r\000-\000C\000o\000u\000n\000t\000r\000y\000\040\000R\000e\000s\000u\000l\000t\000s}{appendix.C}% 17
\BOOKMARK [2][-]{subsection.C.2}{\376\377\000L\000o\000g\000i\000t\000-\000N\000o\000i\000s\000e\000\040\000R\000o\000b\000u\000s\000t\000n\000e\000s\000s}{appendix.C}% 18
\BOOKMARK [1][-]{appendix.D}{\376\377\000P\000e\000r\000-\000D\000i\000m\000e\000n\000s\000i\000o\000n\000\040\000E\000r\000r\000o\000r\000\040\000A\000n\000a\000l\000y\000s\000i\000s}{}% 19
\BOOKMARK [2][-]{subsection.D.1}{\376\377\000D\000i\000a\000g\000n\000o\000s\000i\000n\000g\000\040\000n\000e\000g\000a\000t\000i\000v\000e\000\040\000P\000e\000a\000r\000s\000o\000n\000\040\000r}{appendix.D}% 20
\BOOKMARK [1][-]{appendix.E}{\376\377\000S\000c\000a\000l\000i\000n\000g\000\040\000a\000n\000d\000\040\000G\000e\000o\000g\000r\000a\000p\000h\000i\000c\000\040\000V\000i\000s\000u\000a\000l\000i\000z\000a\000t\000i\000o\000n\000s}{}% 21
\BOOKMARK [1][-]{appendix.F}{\376\377\000B\000r\000o\000a\000d\000e\000r\000\040\000M\000o\000d\000e\000l\000\040\000L\000a\000n\000d\000s\000c\000a\000p\000e}{}% 22
\BOOKMARK [1][-]{appendix.G}{\376\377\000F\000a\000c\000t\000u\000a\000l\000\040\000C\000u\000l\000t\000u\000r\000a\000l\000\040\000Q\000A\000\040\000E\000v\000a\000l\000u\000a\000t\000i\000o\000n\000\040\000\050\000B\000L\000E\000n\000D\000\051}{}% 23
\BOOKMARK [1][-]{appendix.H}{\376\377\000P\000o\000s\000t\000-\000H\000o\000c\000\040\000D\000i\000a\000g\000n\000o\000s\000t\000i\000c\000s}{}% 24
\BOOKMARK [2][-]{subsection.H.1}{\376\377\000M\000u\000l\000t\000i\000-\000s\000e\000e\000d\000\040\000s\000t\000a\000b\000i\000l\000i\000t\000y}{appendix.H}% 25
\BOOKMARK [2][-]{subsection.H.2}{\376\377\000S\000t\000e\000p\000\040\0003\000\040\000i\000s\000\040\000a\000\040\000t\000a\000i\000l\000-\000s\000a\000f\000e\000t\000y\000\040\000m\000e\000c\000h\000a\000n\000i\000s\000m}{appendix.H}% 26
\BOOKMARK [2][-]{subsection.H.3}{\376\377\000S\000c\000e\000n\000a\000r\000i\000o\000-\000l\000e\000v\000e\000l\000\040\000c\000o\000n\000d\000i\000t\000i\000o\000n\000i\000n\000g\000\040\000o\000f\000\040\000t\000h\000e\000\040\000D\000I\000S\000C\000A\000\040\000c\000o\000r\000r\000e\000c\000t\000i\000o\000n}{appendix.H}% 27
\BOOKMARK [1][-]{appendix.I}{\376\377\000B\000a\000s\000e\000l\000i\000n\000e\000\040\000I\000m\000p\000l\000e\000m\000e\000n\000t\000a\000t\000i\000o\000n\000\040\000D\000e\000t\000a\000i\000l\000s}{}% 28
\BOOKMARK [2][-]{subsection.I.1}{\376\377\000O\000t\000h\000e\000r\000\040\000t\000r\000a\000i\000n\000i\000n\000g\000-\000f\000r\000e\000e\000\040\000b\000a\000s\000e\000l\000i\000n\000e\000s\000\040\000\050\000T\000a\000b\000l\000e\000\040\0001\000\051}{appendix.I}% 29
\BOOKMARK [2][-]{subsection.I.2}{\376\377\000A\000c\000t\000i\000v\000a\000t\000i\000o\000n\000\040\000S\000t\000e\000e\000r\000i\000n\000g}{appendix.I}% 30
\BOOKMARK [2][-]{subsection.I.3}{\376\377\000A\000R\000G\000S\000\040\000a\000n\000d\000\040\000c\000o\000n\000t\000r\000o\000l\000l\000e\000d\000\040\000d\000e\000c\000o\000d\000i\000n\000g\000\040\000\050\000r\000e\000l\000a\000t\000i\000o\000n\000\040\000t\000o\000\040\000o\000u\000r\000\040\000w\000o\000r\000k\000\051}{appendix.I}% 31
\BOOKMARK [2][-]{subsection.I.4}{\376\377\000A\000d\000d\000i\000t\000i\000o\000n\000a\000l\000\040\000i\000n\000f\000e\000r\000e\000n\000c\000e\000-\000t\000i\000m\000e\000\040\000b\000a\000s\000e\000l\000i\000n\000e\000s\000\040\000\050\000t\000w\000e\000n\000t\000y\000-\000c\000o\000u\000n\000t\000r\000y\000\040\000P\000h\000i\000-\0004\000\040\000g\000r\000i\000d\000\051}{appendix.I}% 32
\BOOKMARK [1][-]{appendix.J}{\376\377\000H\000y\000p\000e\000r\000p\000a\000r\000a\000m\000e\000t\000e\000r\000s\000\040\000a\000n\000d\000\040\000S\000e\000n\000s\000i\000t\000i\000v\000i\000t\000y\000\040\000S\000w\000e\000e\000p\000s}{}% 33
\BOOKMARK [2][-]{subsection.J.1}{\376\377\000R\000o\000b\000u\000s\000t\000n\000e\000s\000s\000\040\000S\000u\000m\000m\000a\000r\000y}{appendix.J}% 34
\BOOKMARK [2][-]{subsection.J.2}{\376\377\000D\000e\000f\000a\000u\000l\000t\000\040\000H\000y\000p\000e\000r\000p\000a\000r\000a\000m\000e\000t\000e\000r\000s\000\040\000a\000n\000d\000\040\000V\000a\000l\000i\000d\000a\000t\000i\000o\000n}{appendix.J}% 35
\BOOKMARK [2][-]{subsection.J.3}{\376\377\000T\000e\000m\000p\000e\000r\000a\000t\000u\000r\000e\000\040\000S\000e\000n\000s\000i\000t\000i\000v\000i\000t\000y}{appendix.J}% 36
\BOOKMARK [2][-]{subsection.J.4}{\376\377\000E\000x\000t\000e\000n\000d\000e\000d\000\040\000H\000y\000p\000e\000r\000p\000a\000r\000a\000m\000e\000t\000e\000r\000\040\000S\000e\000n\000s\000i\000t\000i\000v\000i\000t\000y}{appendix.J}% 37
\BOOKMARK [1][-]{appendix.K}{\376\377\000P\000e\000r\000s\000o\000n\000a\000\040\000C\000o\000n\000s\000t\000r\000u\000c\000t\000i\000o\000n\000\040\000D\000e\000t\000a\000i\000l\000s}{}% 38
\BOOKMARK [2][-]{subsection.K.1}{\376\377\000P\000e\000r\000s\000o\000n\000a\000\040\000P\000r\000o\000m\000p\000t\000s}{appendix.K}% 39
\BOOKMARK [2][-]{subsection.K.2}{\376\377\000W\000V\000S\000\040\000D\000a\000t\000a\000\040\000P\000r\000o\000c\000e\000s\000s\000i\000n\000g\000\040\000P\000i\000p\000e\000l\000i\000n\000e}{appendix.K}% 40
\BOOKMARK [2][-]{subsection.K.3}{\376\377\000W\000V\000S\000-\000t\000o\000-\000T\000r\000o\000l\000l\000e\000y\000\040\000D\000i\000m\000e\000n\000s\000i\000o\000n\000\040\000L\000i\000n\000k\000a\000g\000e}{appendix.K}% 41
\BOOKMARK [2][-]{subsection.K.4}{\376\377\000M\000a\000c\000r\000o\000-\000l\000e\000v\000e\000l\000\040\000W\000V\000S\000\040\000d\000i\000m\000e\000n\000s\000i\000o\000n\000\040\000i\000m\000p\000o\000r\000t\000a\000n\000c\000e}{appendix.K}% 42
\BOOKMARK [2][-]{subsection.K.5}{\376\377\000S\000e\000n\000s\000i\000t\000i\000v\000i\000t\000y\000\040\000t\000o\000\040\000t\000h\000e\000\040\000F\000o\000u\000r\000t\000h\000\040\000P\000e\000r\000s\000o\000n\000a}{appendix.K}% 43
\BOOKMARK [1][-]{appendix.L}{\376\377\000A\000M\000C\000E\000\040\000E\000s\000t\000i\000m\000a\000t\000i\000o\000n\000\040\000D\000e\000t\000a\000i\000l\000s}{}% 44
\BOOKMARK [1][-]{appendix.M}{\376\377\000D\000a\000t\000a\000s\000e\000t\000\040\000P\000r\000e\000p\000r\000o\000c\000e\000s\000s\000i\000n\000g\000\040\000a\000n\000d\000\040\000S\000e\000n\000s\000i\000t\000i\000v\000i\000t\000y}{}% 45
\BOOKMARK [1][-]{appendix.N}{\376\377\000T\000r\000i\000g\000g\000e\000r\000\040\000M\000e\000c\000h\000a\000n\000i\000s\000m\000\040\000a\000n\000d\000\040\000L\000a\000t\000e\000n\000c\000y}{}% 46
\BOOKMARK [1][-]{appendix.O}{\376\377\000R\000e\000l\000a\000t\000i\000o\000n\000s\000h\000i\000p\000\040\000t\000o\000\040\000P\000e\000r\000s\000o\000n\000a\000-\000D\000e\000p\000e\000n\000d\000e\000n\000t\000\040\000L\000L\000M\000\040\000A\000l\000i\000g\000n\000m\000e\000n\000t}{}% 47
\BOOKMARK [1][-]{appendix.P}{\376\377\000E\000x\000t\000e\000n\000d\000e\000d\000\040\000L\000i\000m\000i\000t\000a\000t\000i\000o\000n\000s}{}% 48
