This is pdfTeX, Version 3.141592653-2.6-1.40.29 (MiKTeX 26.2) (preloaded format=pdflatex.fmt)
 restricted \write18 enabled.
entering extended mode
(paper_revised.tex
LaTeX2e <2025-11-01>
L3 programming layer <2026-01-19>
(C:\Users\DELL 3450\AppData\Local\Programs\MiKTeX\tex/latex/base\article.cls
Document Class: article 2025/01/22 v1.4n Standard LaTeX document class
(C:\Users\DELL 3450\AppData\Local\Programs\MiKTeX\tex/latex/base\size10.clo))
(neurips_2026.sty
(C:\Users\DELL 3450\AppData\Local\Programs\MiKTeX\tex/latex/environ\environ.sty

(C:\Users\DELL 3450\AppData\Local\Programs\MiKTeX\tex/latex/trimspaces\trimspac
es.sty))
(C:\Users\DELL 3450\AppData\Local\Programs\MiKTeX\tex/latex/natbib\natbib.sty)
(C:\Users\DELL 3450\AppData\Local\Programs\MiKTeX\tex/latex/geometry\geometry.s
ty
(C:\Users\DELL 3450\AppData\Local\Programs\MiKTeX\tex/latex/graphics\keyval.sty
)
(C:\Users\DELL 3450\AppData\Local\Programs\MiKTeX\tex/generic/iftex\ifvtex.sty
(C:\Users\DELL 3450\AppData\Local\Programs\MiKTeX\tex/generic/iftex\iftex.sty))

(C:\Users\DELL 3450\AppData\Local\Programs\MiKTeX\tex/latex/geometry\geometry.c
fg)))
(C:\Users\DELL 3450\AppData\Local\Programs\MiKTeX\tex/latex/base\inputenc.sty)
(C:\Users\DELL 3450\AppData\Local\Programs\MiKTeX\tex/latex/base\fontenc.sty
(C:\Users\DELL 3450\AppData\Local\Programs\MiKTeX\tex/latex/psnfss\t1ptm.fd))
(C:\Users\DELL 3450\AppData\Local\Programs\MiKTeX\tex/latex/hyperref\hyperref.s
ty
(C:\Users\DELL 3450\AppData\Local\Programs\MiKTeX\tex/latex/kvsetkeys\kvsetkeys
.sty)
(C:\Users\DELL 3450\AppData\Local\Programs\MiKTeX\tex/generic/kvdefinekeys\kvde
finekeys.sty)
(C:\Users\DELL 3450\AppData\Local\Programs\MiKTeX\tex/generic/pdfescape\pdfesca
pe.sty
(C:\Users\DELL 3450\AppData\Local\Programs\MiKTeX\tex/generic/ltxcmds\ltxcmds.s
ty)
(C:\Users\DELL 3450\AppData\Local\Programs\MiKTeX\tex/generic/pdftexcmds\pdftex
cmds.sty
(C:\Users\DELL 3450\AppData\Local\Programs\MiKTeX\tex/generic/infwarerr\infware
rr.sty)))
(C:\Users\DELL 3450\AppData\Local\Programs\MiKTeX\tex/latex/hycolor\hycolor.sty
)
(C:\Users\DELL 3450\AppData\Local\Programs\MiKTeX\tex/latex/hyperref\nameref.st
y
(C:\Users\DELL 3450\AppData\Local\Programs\MiKTeX\tex/latex/refcount\refcount.s
ty)
(C:\Users\DELL 3450\AppData\Local\Programs\MiKTeX\tex/generic/gettitlestring\ge
ttitlestring.sty
(C:\Users\DELL 3450\AppData\Local\Programs\MiKTeX\tex/latex/kvoptions\kvoptions
.sty)))
(C:\Users\DELL 3450\AppData\Local\Programs\MiKTeX\tex/latex/etoolbox\etoolbox.s
ty)
(C:\Users\DELL 3450\AppData\Local\Programs\MiKTeX\tex/generic/stringenc\stringe
nc.sty)
(C:\Users\DELL 3450\AppData\Local\Programs\MiKTeX\tex/latex/hyperref\pd1enc.def
)
(C:\Users\DELL 3450\AppData\Local\Programs\MiKTeX\tex/generic/intcalc\intcalc.s
ty)
(C:\Users\DELL 3450\AppData\Local\Programs\MiKTeX\tex/latex/hyperref\puenc.def)
(C:\Users\DELL 3450\AppData\Local\Programs\MiKTeX\tex/latex/url\url.sty)
(C:\Users\DELL 3450\AppData\Local\Programs\MiKTeX\tex/generic/bitset\bitset.sty

(C:\Users\DELL 3450\AppData\Local\Programs\MiKTeX\tex/generic/bigintcalc\bigint
calc.sty)))
(C:\Users\DELL 3450\AppData\Local\Programs\MiKTeX\tex/latex/hyperref\hpdftex.de
f
(C:\Users\DELL 3450\AppData\Local\Programs\MiKTeX\tex/latex/rerunfilecheck\reru
nfilecheck.sty
(C:\Users\DELL 3450\AppData\Local\Programs\MiKTeX\tex/generic/uniquecounter\uni
quecounter.sty)))
(C:\Users\DELL 3450\AppData\Local\Programs\MiKTeX\tex/latex/booktabs\booktabs.s
ty)
(C:\Users\DELL 3450\AppData\Local\Programs\MiKTeX\tex/latex/amsfonts\amsfonts.s
ty)
(C:\Users\DELL 3450\AppData\Local\Programs\MiKTeX\tex/latex/amsmath\amsmath.sty
For additional information on amsmath, use the `?' option.

(C:\Users\DELL 3450\AppData\Local\Programs\MiKTeX\tex/latex/amsmath\amstext.sty
(C:\Users\DELL 3450\AppData\Local\Programs\MiKTeX\tex/latex/amsmath\amsgen.sty)
)
(C:\Users\DELL 3450\AppData\Local\Programs\MiKTeX\tex/latex/amsmath\amsbsy.sty)
 (C:\Users\DELL 3450\AppData\Local\Programs\MiKTeX\tex/latex/amsmath\amsopn.sty
))
(C:\Users\DELL 3450\AppData\Local\Programs\MiKTeX\tex/latex/amsfonts\amssymb.st
y)
(C:\Users\DELL 3450\AppData\Local\Programs\MiKTeX\tex/latex/units\nicefrac.sty
(C:\Users\DELL 3450\AppData\Local\Programs\MiKTeX\tex/latex/base\ifthen.sty))
(C:\Users\DELL 3450\AppData\Local\Programs\MiKTeX\tex/latex/microtype\microtype
.sty
(C:\Users\DELL 3450\AppData\Local\Programs\MiKTeX\tex/latex/microtype\microtype
-pdftex.def)
(C:\Users\DELL 3450\AppData\Local\Programs\MiKTeX\tex/latex/microtype\microtype
.cfg))
(C:\Users\DELL 3450\AppData\Local\Programs\MiKTeX\tex/latex/xcolor\xcolor.sty
(C:\Users\DELL 3450\AppData\Local\Programs\MiKTeX\tex/latex/graphics-cfg\color.
cfg)
(C:\Users\DELL 3450\AppData\Local\Programs\MiKTeX\tex/latex/graphics-def\pdftex
.def)
(C:\Users\DELL 3450\AppData\Local\Programs\MiKTeX\tex/latex/graphics\mathcolor.
ltx))
(C:\Users\DELL 3450\AppData\Local\Programs\MiKTeX\tex/latex/graphics\graphicx.s
ty
(C:\Users\DELL 3450\AppData\Local\Programs\MiKTeX\tex/latex/graphics\graphics.s
ty
(C:\Users\DELL 3450\AppData\Local\Programs\MiKTeX\tex/latex/graphics\trig.sty)
(C:\Users\DELL 3450\AppData\Local\Programs\MiKTeX\tex/latex/graphics-cfg\graphi
cs.cfg)))
(C:\Users\DELL 3450\AppData\Local\Programs\MiKTeX\tex/latex/caption\subcaption.
sty
(C:\Users\DELL 3450\AppData\Local\Programs\MiKTeX\tex/latex/caption\caption.sty

(C:\Users\DELL 3450\AppData\Local\Programs\MiKTeX\tex/latex/caption\caption3.st
y)))
(C:\Users\DELL 3450\AppData\Local\Programs\MiKTeX\tex/latex/algorithms\algorith
m.sty
(C:\Users\DELL 3450\AppData\Local\Programs\MiKTeX\tex/latex/float\float.sty))
(C:\Users\DELL 3450\AppData\Local\Programs\MiKTeX\tex/latex/algorithmicx\algpse
udocode.sty
(C:\Users\DELL 3450\AppData\Local\Programs\MiKTeX\tex/latex/algorithmicx\algori
thmicx.sty
Document Style algorithmicx 1.2 - a greatly improved `algorithmic' style
)
Document Style - pseudocode environments for use with the `algorithmicx' style
)
(C:\Users\DELL 3450\AppData\Local\Programs\MiKTeX\tex/latex/multirow\multirow.s
ty)
(C:\Users\DELL 3450\AppData\Local\Programs\MiKTeX\tex/latex/makecell\makecell.s
ty (C:\Users\DELL 3450\AppData\Local\Programs\MiKTeX\tex/latex/tools\array.sty)
) (C:\Users\DELL 3450\AppData\Local\Programs\MiKTeX\tex/latex/bbm\bbm.sty)
(C:\Users\DELL 3450\AppData\Local\Programs\MiKTeX\tex/latex/l3backend\l3backend
-pdftex.def) (paper_revised.aux)
*geometry* driver: auto-detecting
*geometry* detected driver: pdftex
*geometry* verbose mode - [ preamble ] result:
* driver: pdftex
* paper: letterpaper
* layout: <same size as paper>
* layoutoffset:(h,v)=(0.0pt,0.0pt)
* modes: 
* h-part:(L,W,R)=(92.14519pt, 430.00462pt, 92.14519pt)
* v-part:(T,H,B)=(95.39737pt, 556.47656pt, 143.09605pt)
* \paperwidth=614.295pt
* \paperheight=794.96999pt
* \textwidth=430.00462pt
* \textheight=556.47656pt
* \oddsidemargin=19.8752pt
* \evensidemargin=19.8752pt
* \topmargin=-13.87262pt
* \headheight=12.0pt
* \headsep=25.0pt
* \topskip=10.0pt
* \footskip=30.0pt
* \marginparwidth=65.0pt
* \marginparsep=11.0pt
* \columnsep=10.0pt
* \skip\footins=9.0pt plus 4.0pt minus 2.0pt
* \hoffset=0.0pt
* \voffset=0.0pt
* \mag=1000
* \@twocolumnfalse
* \@twosidefalse
* \@mparswitchfalse
* \@reversemarginfalse
* (1in=72.27pt=25.4mm, 1cm=28.453pt)

*geometry* verbose mode - [ newgeometry ] result:
* driver: pdftex
* paper: letterpaper
* layout: <same size as paper>
* layoutoffset:(h,v)=(0.0pt,0.0pt)
* modes: 
* h-part:(L,W,R)=(108.405pt, 397.48499pt, 108.40501pt)
* v-part:(T,H,B)=(72.26999pt, 650.43pt, 72.27pt)
* \paperwidth=614.295pt
* \paperheight=794.96999pt
* \textwidth=397.48499pt
* \textheight=650.43pt
* \oddsidemargin=36.13501pt
* \evensidemargin=36.13501pt
* \topmargin=-37.0pt
* \headheight=12.0pt
* \headsep=25.0pt
* \topskip=10.0pt
* \footskip=30.0pt
* \marginparwidth=65.0pt
* \marginparsep=11.0pt
* \columnsep=10.0pt
* \skip\footins=9.0pt plus 4.0pt minus 2.0pt
* \hoffset=0.0pt
* \voffset=0.0pt
* \mag=1000
* \@twocolumnfalse
* \@twosidefalse
* \@mparswitchfalse
* \@reversemarginfalse
* (1in=72.27pt=25.4mm, 1cm=28.453pt)

(paper_revised.out) (paper_revised.out)

Package microtype Warning: Unable to apply patch `footnote' on input line 46.


(C:\Users\DELL 3450\AppData\Local\Programs\MiKTeX\tex/latex/microtype\mt-ptm.cf
g)
(C:\Users\DELL 3450\AppData\Local\Programs\MiKTeX\tex/context/base/mkii\supp-pd
f.mkii
[Loading MPS to PDF converter (version 2006.09.02).]
)
(C:\Users\DELL 3450\AppData\Local\Programs\MiKTeX\tex/latex/epstopdf-pkg\epstop
df-base.sty
(C:\Users\DELL 3450\AppData\Local\Programs\MiKTeX\tex/latex/00miktex\epstopdf-s
ys.cfg))
(C:\Users\DELL 3450\AppData\Local\Programs\MiKTeX\tex/latex/microtype\mt-cmr.cf
g) (C:\Users\DELL 3450\AppData\Local\Programs\MiKTeX\tex/latex/amsfonts\umsa.fd
)
(C:\Users\DELL 3450\AppData\Local\Programs\MiKTeX\tex/latex/microtype\mt-msa.cf
g) (C:\Users\DELL 3450\AppData\Local\Programs\MiKTeX\tex/latex/amsfonts\umsb.fd
)
(C:\Users\DELL 3450\AppData\Local\Programs\MiKTeX\tex/latex/microtype\mt-msb.cf
g) [1{C:/Users/DELL 3450/AppData/Local/MiKTeX/fonts/map/pdftex/pdftex.map}{C:/U
sers/DELL 3450/AppData/Local/Programs/MiKTeX/fonts/enc/dvips/base/8r.enc}]
(C:\Users\DELL 3450\AppData\Local\Programs\MiKTeX\tex/latex/psnfss\ts1ptm.fd)
